<?xml version="1.0" encoding="UTF-8"?>
<!-- Generated by org.testng.reporters.JUnitReportReporter -->
<testsuite skipped="0" hostname="MAC41G.local" name="MobileProgrammingLLC.Tests.APIDemos_RetrivingDogsInfo" tests="2" failures="0" timestamp="04 Dec 2018 16:23:58 GMT" time="10.082" errors="0">
  <testcase name="navigateToCustomAdapterPage" time="3.766" classname="MobileProgrammingLLC.Tests.APIDemos_RetrivingDogsInfo"/>
  <testcase name="retrieveDogNamesInformation" time="6.316" classname="MobileProgrammingLLC.Tests.APIDemos_RetrivingDogsInfo"/>
</testsuite> <!-- MobileProgrammingLLC.Tests.APIDemos_RetrivingDogsInfo -->
