<?xml version="1.0" encoding="UTF-8"?>
<!-- Generated by org.testng.reporters.JUnitReportReporter -->
<testsuite skipped="0" hostname="MAC41G.local" name="MobileProgrammingLLC.Tests.APIDemos_SettingWiFi" tests="3" failures="0" timestamp="04 Dec 2018 16:23:58 GMT" time="11.918" errors="0">
  <testcase name="clickOnPreferenceDependenciesOption" time="3.498" classname="MobileProgrammingLLC.Tests.APIDemos_SettingWiFi"/>
  <testcase name="settingWifiFunctionality" time="7.383" classname="MobileProgrammingLLC.Tests.APIDemos_SettingWiFi"/>
  <testcase name="clickOnPreferenceOption" time="1.037" classname="MobileProgrammingLLC.Tests.APIDemos_SettingWiFi"/>
</testsuite> <!-- MobileProgrammingLLC.Tests.APIDemos_SettingWiFi -->
