<?xml version="1.0" encoding="UTF-8"?>
<!-- Generated by org.testng.reporters.JUnitReportReporter -->
<testsuite skipped="0" hostname="MAC41G.local" name="MobileProgrammingLLC.Tests.APIDemos_MakingPopUps" tests="3" failures="0" timestamp="04 Dec 2018 16:23:58 GMT" time="11.401" errors="0">
  <testcase name="tapOnPopUpMenu" time="9.685" classname="MobileProgrammingLLC.Tests.APIDemos_MakingPopUps"/>
  <testcase name="tapOnViewsOption" time="1.523" classname="MobileProgrammingLLC.Tests.APIDemos_MakingPopUps"/>
  <testcase name="makeAPopUp" time="0.193" classname="MobileProgrammingLLC.Tests.APIDemos_MakingPopUps"/>
</testsuite> <!-- MobileProgrammingLLC.Tests.APIDemos_MakingPopUps -->
