<?xml version="1.0" encoding="UTF-8"?>
<!-- Generated by org.testng.reporters.JUnitReportReporter -->
<testsuite skipped="0" hostname="MAC41G.local" name="MobileProgrammingLLC.Tests.APIDemos_PlayingRedDots" tests="3" failures="0" timestamp="04 Dec 2018 16:23:58 GMT" time="9.292" errors="0">
  <testcase name="tapOnDragAndDropOption" time="2.408" classname="MobileProgrammingLLC.Tests.APIDemos_PlayingRedDots"/>
  <testcase name="validatingRedDotsMovement" time="5.567" classname="MobileProgrammingLLC.Tests.APIDemos_PlayingRedDots"/>
  <testcase name="tapOnViewsOption" time="1.317" classname="MobileProgrammingLLC.Tests.APIDemos_PlayingRedDots"/>
</testsuite> <!-- MobileProgrammingLLC.Tests.APIDemos_PlayingRedDots -->
