<?xml version="1.0" encoding="UTF-8"?>
<!-- Generated by org.testng.reporters.JUnitReportReporter -->
<testsuite name="MobileProgrammingLLC.Tests.APIDemos_RetrivingDogsInfo" tests="2" time="12.000" ignored="0" failures="0" timestamp="30 Jan 2019 00:13:57 GMT" skipped="0" hostname="MAC09F.local" errors="0">
  <testcase name="retrieveDogNamesInformation" time="7.641" classname="MobileProgrammingLLC.Tests.APIDemos_RetrivingDogsInfo"/>
  <testcase name="navigateToCustomAdapterPage" time="4.359" classname="MobileProgrammingLLC.Tests.APIDemos_RetrivingDogsInfo"/>
</testsuite> <!-- MobileProgrammingLLC.Tests.APIDemos_RetrivingDogsInfo -->
