<?xml version="1.0" encoding="UTF-8"?>
<!-- Generated by org.testng.reporters.JUnitReportReporter -->
<testsuite name="MobileProgrammingLLC.Tests.APIDemos_RetrivingDogsInfo" tests="2" time="11.429" ignored="0" failures="0" timestamp="22 Jan 2019 17:33:18 GMT" skipped="0" hostname="MAC09F.local" errors="0">
  <testcase name="navigateToCustomAdapterPage" time="3.578" classname="MobileProgrammingLLC.Tests.APIDemos_RetrivingDogsInfo"/>
  <testcase name="retrieveDogNamesInformation" time="7.851" classname="MobileProgrammingLLC.Tests.APIDemos_RetrivingDogsInfo"/>
</testsuite> <!-- MobileProgrammingLLC.Tests.APIDemos_RetrivingDogsInfo -->
