<?xml version="1.0" encoding="UTF-8"?>
<!-- Generated by org.testng.reporters.JUnitReportReporter -->
<testsuite name="MobileProgrammingLLC.Tests.APIDemos_PlayingRedDots" tests="3" time="7.627" ignored="0" failures="0" timestamp="30 Jan 2019 00:13:57 GMT" skipped="0" hostname="MAC09F.local" errors="0">
  <testcase name="tapOnViewsOption" time="0.904" classname="MobileProgrammingLLC.Tests.APIDemos_PlayingRedDots"/>
  <testcase name="tapOnDragAndDropOption" time="3.326" classname="MobileProgrammingLLC.Tests.APIDemos_PlayingRedDots"/>
  <testcase name="validatingRedDotsMovement" time="3.397" classname="MobileProgrammingLLC.Tests.APIDemos_PlayingRedDots"/>
</testsuite> <!-- MobileProgrammingLLC.Tests.APIDemos_PlayingRedDots -->
